Arguments: 
  /usr/local/bin/node /usr/local/Cellar/yarn/1.22.10/libexec/bin/yarn.js global bin

PATH: 
  /Users/owner/opt/anaconda3/bin:/Users/owner/Library/Android/sdk/platform-tools:/usr/local/bin:/usr/bin:/bin:/usr/sbin:/sbin:/Library/Frameworks/Mono.framework/Versions/Current/Commands:/Users/owner/opt/anaconda3/bin:/Users/owner/Library/Android/sdk/platform-tools:/usr/local/mysql/bin/:/usr/local/mysql/bin/

Yarn version: 
  1.22.10

Node version: 
  16.5.0

Platform: 
  darwin x64

Trace: 
  SyntaxError: /Users/owner/Documents/package.json: Unexpected end of JSON input
      at JSON.parse (<anonymous>)
      at /usr/local/Cellar/yarn/1.22.10/libexec/lib/cli.js:1625:59
      at Generator.next (<anonymous>)
      at step (/usr/local/Cellar/yarn/1.22.10/libexec/lib/cli.js:310:30)
      at /usr/local/Cellar/yarn/1.22.10/libexec/lib/cli.js:321:13

npm manifest: 
  {
    "main": "node_modules/expo/AppEntry.js",
    "scripts": {
      "start": "expo start",
      "android": "expo start --android",
      "ios": "expo start --ios",
      "web": "expo start --web",
      "eject": "expo eject"
    },
    "dependencies": {
      "expo": "~42.0.1",
      "expo-status-bar": "~1.0.4",
      "react": "16.13.1",
      "react-dom": "16.13.1",
      "react-native": "https://github.com/expo/react-native/archive/sdk-42.0.0.tar.gz",
      "react-native-elements": "^2.2.1",
      "react-native-web": "~0.13.12"
    },
    "devDependencies": {
      "@babel/core": "^7.9.0"
    },
    "private": true,
    "name": "nucampsite",
    "version": "1.0.0",
    "description": "school project",
    "repository": {
      "type": "git",
      "url": "git+https://github.com/enwadiogbu/nucampsite.git"
    },
    "author": "Emeka Nwadiogbu, Jr.",
    "license": "ISC",
    "bugs": {
      "url": "https://github.com/enwadiogbu/nucampsite/issues"
    },
    "homepage": "https://github.com/enwadiogbu/nucampsite#readme"
  }

yarn manifest: 
  No manifest

Lockfile: 
  No lockfile
